Arguments: 
  C:\Program Files\nodejs\node.exe C:\Program Files (x86)\Yarn\bin\yarn.js init

PATH: 
  C:\Program Files (x86)\Common Files\Oracle\Java\javapath;C:\Program Files (x86)\Common Files\Intel\Shared Files\cpp\bin\Intel64;C:\Windows\system32;C:\Windows;C:\Windows\System32\Wbem;C:\Windows\System32\WindowsPowerShell\v1.0\;C:\Windows\System32\OpenSSH\;C:\Program Files\PuTTY\;C:\Program Files\nodejs\;C:\Program Files (x86)\Yarn\bin\;C:\Program Files\Microsoft SQL Server\Client SDK\ODBC\110\Tools\Binn\;C:\Program Files (x86)\Microsoft SQL Server\120\Tools\Binn\;C:\Program Files\Microsoft SQL Server\120\Tools\Binn\;C:\Program Files\Microsoft SQL Server\120\DTS\Binn\;C:\Program Files (x86)\Windows Kits\8.1\Windows Performance Toolkit\;C:\Program Files\Git\cmd;D:\programs\Dev-Cpp\MinGW64\bin;C:\Python36\Scripts;C:\Python36;C:\msys32\usr\bin;C:\bazel;D:\opencv\install\x64\vc15\lib;D:\opencv\install\x64\vc15\bin;C:\Program Files\dotnet\;C:\Program Files\CMake\bin;C:\Program Files\Microsoft SQL Server\130\Tools\Binn\;C:\Users\Apichart\Downloads\Programs\SQLAPI\vs2017\x86_64\bin;C:\Program Files (x86)\Microsoft SQL Server\Client SDK\ODBC\130\Tools\Binn\;C:\Program Files (x86)\Microsoft SQL Server\140\Tools\Binn\;C:\Program Files (x86)\Microsoft SQL Server\140\DTS\Binn\;C:\Program Files (x86)\Microsoft SQL Server\140\Tools\Binn\ManagementStudio\;C:\Program Files\nodejs;C:\Users\Apichart\AppData\Roaming\npm;"%PATH%;D:\MobileApp\AndroidSDK\tools;D:\MobileApp\AndroidSDK\platform-tools";D:\MobileApp\AndroidSDK\platform-tools;D:\MobileApp\AndroidSDK\tools;C:\Program Files (x86)\Java\jre6\bin;C:\Program Files\Java\jdk1.8.0_211\bin;C:\Users\Apichart\Anaconda3;C:\Users\Apichart\Anaconda3\Library\mingw-w64\bin;C:\Users\Apichart\Anaconda3\Library\usr\bin;C:\Users\Apichart\Anaconda3\Library\bin;C:\Users\Apichart\Anaconda3\Scripts;C:\ProgramData\Microsoft\Windows\Start Menu\Programs\Python 2.7;C:\Users\Apichart\AppData\Local\Programs\Microsoft VS Code\bin;C:\Program Files (x86)\Java\jre6\bin;C:\Program Files\Java\jdk1.8.0_211\bin;D:\MobileApp\AndroidSDK\build-tools\29.0.1;C:\Program Files\JetBrains\IntelliJ IDEA Community Edition 2019.2\bin;;C:\iverilog\bin;C:\iverilog\gtkwave\bin;

Yarn version: 
  1.10.1

Node version: 
  8.12.0

Platform: 
  win32 x64

Trace: 
  Error: canceled
      at Interface.<anonymous> (C:\Program Files (x86)\Yarn\lib\cli.js:116426:13)
      at emitNone (events.js:106:13)
      at Interface.emit (events.js:208:7)
      at Interface._ttyWrite (readline.js:774:16)
      at ReadStream.onkeypress (readline.js:158:10)
      at emitTwo (events.js:126:13)
      at ReadStream.emit (events.js:214:7)
      at emitKeys (internal/readline.js:420:14)
      at emitKeys.next (<anonymous>)
      at ReadStream.onData (readline.js:1010:36)

npm manifest: 
  No manifest

yarn manifest: 
  No manifest

Lockfile: 
  No lockfile
